<?xml version="1.0" encoding="UTF-8"?>
<!-- Generated by org.testng.reporters.JUnitXMLReporter -->
<testsuite hostname="DESKTOP-4T93PS0" ignored="7" name="AutoUnderwriting" tests="20" failures="1" timestamp="15 May 2019 10:10:23 GMT" time="137.832" errors="0">
  <testcase name="ConnectWithBrowser" time="16.33" classname="setup_browser.Setup"/>
  <testcase name="TermAndSerivce" time="0.51" classname="automation_testscripts.Login"/>
  <testcase name="PrivacyPolicy" time="0.574" classname="automation_testscripts.Login"/>
  <testcase name="RequestDemo" time="0.355" classname="automation_testscripts.Login"/>
  <testcase name="AcceptCookies" time="7.973" classname="automation_testscripts.Login"/>
  <testcase name="UserLoginWithValidUsernameAndPassword" time="22.007" classname="automation_testscripts.Login"/>
  <testcase name="TC04Dashboard" time="4.823" classname="automation_testscripts.Dashboard"/>
  <testcase name="VerifyValidationMessageAfterClickingOnCreateDealButtonWhenHomeRootRopoIsNotSelected" time="5.188" classname="automation_testscripts.Doc_Repository"/>
  <testcase name="VerifyValidationMessageWhileCreateFolderWhenRootHomeRepoIsNotSelected" time="5.157" classname="automation_testscripts.Doc_Repository">
    <failure type="java.lang.AssertionError" message="expected [Please select home to create folder] but found []">
      <![CDATA[java.lang.AssertionError: expected [Please select home to create folder] but found []
at automation_testscripts.Doc_Repository.VerifyValidationMessageWhileCreateFolderWhenRootHomeRepoIsNotSelected(Doc_Repository.java:55)
... Removed 35 stack frames]]>
    </failure>
  </testcase> <!-- VerifyValidationMessageWhileCreateFolderWhenRootHomeRepoIsNotSelected -->
  <testcase name="SelectHomeRoot" time="5.209" classname="automation_testscripts.Doc_Repository"/>
  <testcase name="VerifyValidationMessageAfterClickingOnCreateDealButtonWhenRootHomeRopoIsSelected" time="5.103" classname="automation_testscripts.Doc_Repository"/>
  <testcase name="VerifyValidationMessageWhileUploadingDocumentInHomeRootRepo" time="12.028" classname="automation_testscripts.Doc_Repository"/>
  <testcase name="ClickAddFolderButton" time="0.148" classname="automation_testscripts.Doc_Repository"/>
  <testcase name="SendingAFolderNameIsEmpty" time="5.174" classname="automation_testscripts.Doc_Repository"/>
  <testcase name="VerifySuccessfullMessageAfterCreatingFolder" time="11.263" classname="automation_testscripts.Doc_Repository"/>
  <testcase name="SelectCreateFolder" time="5.268" classname="automation_testscripts.Doc_Repository"/>
  <testcase name="VerifyValidationMessageAfterAfterClickingOnCreateDealButtonWhenCreatedFolderIsNotContainDocuments" time="5.466" classname="automation_testscripts.Doc_Repository"/>
  <testcase name="UploadDocuments" time="17.051" classname="automation_testscripts.Doc_Repository"/>
  <testcase name="CreateDeal" time="5.104" classname="automation_testscripts.Doc_Repository"/>
  <testcase name="CloseTab" time="2.962" classname="automation_testscripts.Doc_Repository"/>
  <testcase name="VerfiyValidationMessageWhenTermAndServiceCheckBoxIsNotSelected" time="0.0" classname="automation_testscripts.Login">
    <ignored/>
  </testcase> <!-- VerfiyValidationMessageWhenTermAndServiceCheckBoxIsNotSelected -->
  <testcase name="VerifyValidationMessageWhenUserLoginWithEmptyUsernameAndValidPassword" time="0.0" classname="automation_testscripts.Login">
    <ignored/>
  </testcase> <!-- VerifyValidationMessageWhenUserLoginWithEmptyUsernameAndValidPassword -->
  <testcase name="VerifyValidationMessageWhenUserLoginWithInvalidUsernameAndValidPassword" time="0.0" classname="automation_testscripts.Login">
    <ignored/>
  </testcase> <!-- VerifyValidationMessageWhenUserLoginWithInvalidUsernameAndValidPassword -->
  <testcase name="VerifyVAlidationMessageWhenUserLoginWithInvalidUsernameAndPassword" time="0.0" classname="automation_testscripts.Login">
    <ignored/>
  </testcase> <!-- VerifyVAlidationMessageWhenUserLoginWithInvalidUsernameAndPassword -->
  <testcase name="VerifyValidationMessageWhenUserLoginWithValidUsernameAndInvalidPassword" time="0.0" classname="automation_testscripts.Login">
    <ignored/>
  </testcase> <!-- VerifyValidationMessageWhenUserLoginWithValidUsernameAndInvalidPassword -->
  <testcase name="VerifyValidationMessageWhenUserLoginWithEmptyUsernameAndPassword" time="0.0" classname="automation_testscripts.Login">
    <ignored/>
  </testcase> <!-- VerifyValidationMessageWhenUserLoginWithEmptyUsernameAndPassword -->
  <testcase name="VerifyValidationMessageWhenUserLoginWithValidUsernameAndEmptyPassword" time="0.0" classname="automation_testscripts.Login">
    <ignored/>
  </testcase> <!-- VerifyValidationMessageWhenUserLoginWithValidUsernameAndEmptyPassword -->
</testsuite> <!-- AutoUnderwriting -->
