<?xml version="1.0" encoding="UTF-8"?>
<!-- Generated by org.testng.reporters.JUnitReportReporter -->
<testsuite skipped="0" hostname="DESKTOP-4T93PS0" name="automation_testscripts.DocRepository" tests="13" failures="1" timestamp="04 Jun 2019 07:02:24 GMT" time="85.195" errors="0">
  <testcase name="VerifyValidationMessageAfterClickingOnCreateDealButtonWhenHomeRootRopoIsNotSelected" time="5.247" classname="automation_testscripts.DocRepository"/>
  <testcase name="VerifyValidationMessageWhileCreateFolderWhenRootHomeRepoIsNotSelected" time="5.233" classname="automation_testscripts.DocRepository"/>
  <testcase name="SelectHomeRoot" time="5.361" classname="automation_testscripts.DocRepository"/>
  <testcase name="VerifyValidationMessageAfterClickingOnCreateDealButtonWhenRootHomeRopoIsSelected" time="5.182" classname="automation_testscripts.DocRepository">
    <failure type="java.lang.AssertionError" message="expected [Please select a folder for creating deal] but found []">
      <![CDATA[java.lang.AssertionError: expected [Please select a folder for creating deal] but found []
at org.testng.Assert.fail(Assert.java:96)
at org.testng.Assert.failNotEquals(Assert.java:776)
at org.testng.Assert.assertEqualsImpl(Assert.java:137)
at org.testng.Assert.assertEquals(Assert.java:118)
at org.testng.Assert.assertEquals(Assert.java:453)
at org.testng.Assert.assertEquals(Assert.java:463)
at automation_testscripts.DocRepository.VerifyValidationMessageAfterClickingOnCreateDealButtonWhenRootHomeRopoIsSelected(DocRepository.java:78)
at sun.reflect.NativeMethodAccessorImpl.invoke0(Native Method)
at sun.reflect.NativeMethodAccessorImpl.invoke(Unknown Source)
at sun.reflect.DelegatingMethodAccessorImpl.invoke(Unknown Source)
at java.lang.reflect.Method.invoke(Unknown Source)
at org.testng.internal.MethodInvocationHelper.invokeMethod(MethodInvocationHelper.java:124)
at org.testng.internal.Invoker.invokeMethod(Invoker.java:583)
at org.testng.internal.Invoker.invokeTestMethod(Invoker.java:719)
at org.testng.internal.Invoker.invokeTestMethods(Invoker.java:989)
at org.testng.internal.TestMethodWorker.invokeTestMethods(TestMethodWorker.java:125)
at org.testng.internal.TestMethodWorker.run(TestMethodWorker.java:109)
at org.testng.TestRunner.privateRun(TestRunner.java:648)
at org.testng.TestRunner.run(TestRunner.java:505)
at org.testng.SuiteRunner.runTest(SuiteRunner.java:455)
at org.testng.SuiteRunner.runSequentially(SuiteRunner.java:450)
at org.testng.SuiteRunner.privateRun(SuiteRunner.java:415)
at org.testng.SuiteRunner.run(SuiteRunner.java:364)
at org.testng.SuiteRunnerWorker.runSuite(SuiteRunnerWorker.java:52)
at org.testng.SuiteRunnerWorker.run(SuiteRunnerWorker.java:84)
at org.testng.TestNG.runSuitesSequentially(TestNG.java:1208)
at org.testng.TestNG.runSuitesLocally(TestNG.java:1137)
at org.testng.TestNG.runSuites(TestNG.java:1049)
at org.testng.TestNG.run(TestNG.java:1017)
at org.testng.remote.AbstractRemoteTestNG.run(AbstractRemoteTestNG.java:115)
at org.testng.remote.RemoteTestNG.initAndRun(RemoteTestNG.java:251)
at org.testng.remote.RemoteTestNG.main(RemoteTestNG.java:77)
]]>
    </failure>
  </testcase> <!-- VerifyValidationMessageAfterClickingOnCreateDealButtonWhenRootHomeRopoIsSelected -->
  <testcase name="VerifyValidationMessageWhileUploadingDocumentInHomeRootRepo" time="11.670" classname="automation_testscripts.DocRepository"/>
  <testcase name="ClickAddFolderButton" time="0.127" classname="automation_testscripts.DocRepository"/>
  <testcase name="SendingAFolderNameIsEmpty" time="5.174" classname="automation_testscripts.DocRepository"/>
  <testcase name="VerifySuccessfullMessageAfterCreatingFolder" time="11.556" classname="automation_testscripts.DocRepository"/>
  <testcase name="SelectCreateFolder" time="5.528" classname="automation_testscripts.DocRepository"/>
  <testcase name="VerifyValidationMessageAfterAfterClickingOnCreateDealButtonWhenCreatedFolderIsNotContainDocuments" time="5.605" classname="automation_testscripts.DocRepository"/>
  <testcase name="UploadDocuments" time="16.339" classname="automation_testscripts.DocRepository"/>
  <testcase name="CreateDeal" time="5.226" classname="automation_testscripts.DocRepository"/>
  <testcase name="CloseTab" time="2.947" classname="automation_testscripts.DocRepository"/>
</testsuite> <!-- automation_testscripts.DocRepository -->
