<?xml version="1.0" encoding="UTF-8"?>
<!-- Generated by org.testng.reporters.JUnitReportReporter -->
<testsuite skipped="0" hostname="DESKTOP-4T93PS0" name="automation_testscripts.Doc_Repository" tests="13" failures="1" timestamp="15 May 2019 10:10:25 GMT" time="85.121" errors="0">
  <testcase name="VerifyValidationMessageAfterClickingOnCreateDealButtonWhenHomeRootRopoIsNotSelected" time="5.188" classname="automation_testscripts.Doc_Repository"/>
  <testcase name="VerifyValidationMessageWhileCreateFolderWhenRootHomeRepoIsNotSelected" time="5.157" classname="automation_testscripts.Doc_Repository">
    <failure type="java.lang.AssertionError" message="expected [Please select home to create folder] but found []">
      <![CDATA[java.lang.AssertionError: expected [Please select home to create folder] but found []
at org.testng.Assert.fail(Assert.java:96)
at org.testng.Assert.failNotEquals(Assert.java:776)
at org.testng.Assert.assertEqualsImpl(Assert.java:137)
at org.testng.Assert.assertEquals(Assert.java:118)
at org.testng.Assert.assertEquals(Assert.java:453)
at org.testng.Assert.assertEquals(Assert.java:463)
at automation_testscripts.Doc_Repository.VerifyValidationMessageWhileCreateFolderWhenRootHomeRepoIsNotSelected(Doc_Repository.java:55)
at sun.reflect.NativeMethodAccessorImpl.invoke0(Native Method)
at sun.reflect.NativeMethodAccessorImpl.invoke(Unknown Source)
at sun.reflect.DelegatingMethodAccessorImpl.invoke(Unknown Source)
at java.lang.reflect.Method.invoke(Unknown Source)
at org.testng.internal.MethodInvocationHelper.invokeMethod(MethodInvocationHelper.java:124)
at org.testng.internal.Invoker.invokeMethod(Invoker.java:583)
at org.testng.internal.Invoker.invokeTestMethod(Invoker.java:719)
at org.testng.internal.Invoker.invokeTestMethods(Invoker.java:989)
at org.testng.internal.TestMethodWorker.invokeTestMethods(TestMethodWorker.java:125)
at org.testng.internal.TestMethodWorker.run(TestMethodWorker.java:109)
at org.testng.TestRunner.privateRun(TestRunner.java:648)
at org.testng.TestRunner.run(TestRunner.java:505)
at org.testng.SuiteRunner.runTest(SuiteRunner.java:455)
at org.testng.SuiteRunner.runSequentially(SuiteRunner.java:450)
at org.testng.SuiteRunner.privateRun(SuiteRunner.java:415)
at org.testng.SuiteRunner.run(SuiteRunner.java:364)
at org.testng.SuiteRunnerWorker.runSuite(SuiteRunnerWorker.java:52)
at org.testng.SuiteRunnerWorker.run(SuiteRunnerWorker.java:84)
at org.testng.TestNG.runSuitesSequentially(TestNG.java:1208)
at org.testng.TestNG.runSuitesLocally(TestNG.java:1137)
at org.testng.TestNG.runSuites(TestNG.java:1049)
at org.testng.TestNG.run(TestNG.java:1017)
at org.apache.maven.surefire.testng.TestNGExecutor.run(TestNGExecutor.java:283)
at org.apache.maven.surefire.testng.TestNGXmlTestSuite.execute(TestNGXmlTestSuite.java:75)
at org.apache.maven.surefire.testng.TestNGProvider.invoke(TestNGProvider.java:120)
at org.apache.maven.surefire.booter.ForkedBooter.invokeProviderInSameClassLoader(ForkedBooter.java:384)
at org.apache.maven.surefire.booter.ForkedBooter.runSuitesInProcess(ForkedBooter.java:345)
at org.apache.maven.surefire.booter.ForkedBooter.execute(ForkedBooter.java:126)
at org.apache.maven.surefire.booter.ForkedBooter.main(ForkedBooter.java:418)
]]>
    </failure>
  </testcase> <!-- VerifyValidationMessageWhileCreateFolderWhenRootHomeRepoIsNotSelected -->
  <testcase name="SelectHomeRoot" time="5.209" classname="automation_testscripts.Doc_Repository"/>
  <testcase name="VerifyValidationMessageAfterClickingOnCreateDealButtonWhenRootHomeRopoIsSelected" time="5.103" classname="automation_testscripts.Doc_Repository"/>
  <testcase name="VerifyValidationMessageWhileUploadingDocumentInHomeRootRepo" time="12.028" classname="automation_testscripts.Doc_Repository"/>
  <testcase name="ClickAddFolderButton" time="0.148" classname="automation_testscripts.Doc_Repository"/>
  <testcase name="SendingAFolderNameIsEmpty" time="5.174" classname="automation_testscripts.Doc_Repository"/>
  <testcase name="VerifySuccessfullMessageAfterCreatingFolder" time="11.263" classname="automation_testscripts.Doc_Repository"/>
  <testcase name="SelectCreateFolder" time="5.268" classname="automation_testscripts.Doc_Repository"/>
  <testcase name="VerifyValidationMessageAfterAfterClickingOnCreateDealButtonWhenCreatedFolderIsNotContainDocuments" time="5.466" classname="automation_testscripts.Doc_Repository"/>
  <testcase name="UploadDocuments" time="17.051" classname="automation_testscripts.Doc_Repository"/>
  <testcase name="CreateDeal" time="5.104" classname="automation_testscripts.Doc_Repository"/>
  <testcase name="CloseTab" time="2.962" classname="automation_testscripts.Doc_Repository"/>
</testsuite> <!-- automation_testscripts.Doc_Repository -->
