<?xml version="1.0" encoding="UTF-8"?>
<!-- Generated by org.testng.reporters.JUnitXMLReporter -->
<testsuite hostname="DESKTOP-4T93PS0" ignored="0" name="AutoUnderwritting" tests="12" failures="1" timestamp="13 May 2019 10:26:57 GMT" time="53.927" errors="0">
  <testcase name="run_browser" time="12.463" classname="setup_browser.Setup"/>
  <testcase name="termserivce" time="0.237" classname="automation_testscripts.Login"/>
  <testcase name="privacypolicy" time="0.193" classname="automation_testscripts.Login"/>
  <testcase name="requestddemo" time="2.206" classname="automation_testscripts.Login"/>
  <testcase name="accept_cookies" time="0.156" classname="automation_testscripts.Login"/>
  <testcase name="tc02_login_with_valid_username_and_password" time="15.013" classname="automation_testscripts.Login"/>
  <testcase name="tc04_dashboard" time="4.267" classname="automation_testscripts.Dashboard"/>
  <testcase name="home_root" time="4.037" classname="automation_testscripts.Doc_Repository"/>
  <testcase name="create_folder" time="1.396" classname="automation_testscripts.Doc_Repository"/>
  <testcase name="upload_documentts" time="6.274" classname="automation_testscripts.Doc_Repository"/>
  <testcase name="create_deal" time="5.106" classname="automation_testscripts.Doc_Repository">
    <failure type="org.openqa.selenium.WebDriverException" message="unknown error: Element &amp;lt;button class=&amp;quot;btn btn-default height add-upload-btn pull-right margin-t-none&amp;quot; ng-click=&amp;quot;CreateDeals(folderIDSelected)&amp;quot; data-original-title=&amp;quot;&amp;quot; title=&amp;quot;&amp;quot; tabindex=&amp;quot;0&amp;quot;&amp;gt;...&amp;lt;/button&amp;gt; is not clickable at point (1209, 62). Other element would receive the click: &amp;lt;div class=&amp;quot;info-window&amp;quot; ng-show=&amp;quot;isUploadLoader&amp;quot; data-original-title=&amp;quot;&amp;quot; title=&amp;quot;&amp;quot; aria-hidden=&amp;quot;false&amp;quot; style=&amp;quot;&amp;quot;&amp;gt;...&amp;lt;/div&amp;gt;
  (Session info: chrome=74.0.3729.131)
  (Driver info: chromedriver=2.41.578737 (49da6702b16031c40d63e5618de03a32ff6c197e),platform=Windows NT 10.0.17134 x86_64) (WARNING: The server did not provide any stacktrace information)
Command duration or timeout: 0 milliseconds
Build info: version: &amp;apos;3.141.59&amp;apos;, revision: &amp;apos;e82be7d358&amp;apos;, time: &amp;apos;2018-11-14T08:17:03&amp;apos;
System info: host: &amp;apos;DESKTOP-4T93PS0&amp;apos;, ip: &amp;apos;10.178.1.60&amp;apos;, os.name: &amp;apos;Windows 10&amp;apos;, os.arch: &amp;apos;amd64&amp;apos;, os.version: &amp;apos;10.0&amp;apos;, java.version: &amp;apos;1.8.0_201&amp;apos;
Driver info: org.openqa.selenium.chrome.ChromeDriver
Capabilities {acceptInsecureCerts: false, acceptSslCerts: false, applicationCacheEnabled: false, browserConnectionEnabled: false, browserName: chrome, chrome: {chromedriverVersion: 2.41.578737 (49da6702b16031..., userDataDir: C:\Users\dell\AppData\Local...}, cssSelectorsEnabled: true, databaseEnabled: false, goog:chromeOptions: {debuggerAddress: localhost:56790}, handlesAlerts: true, hasTouchScreen: false, javascriptEnabled: true, locationContextEnabled: true, mobileEmulationEnabled: false, nativeEvents: true, networkConnectionEnabled: false, pageLoadStrategy: normal, platform: XP, platformName: XP, rotatable: false, setWindowRect: true, takesHeapSnapshot: true, takesScreenshot: true, unexpectedAlertBehaviour: , unhandledPromptBehavior: , version: 74.0.3729.131, webStorageEnabled: true}
Session ID: e7f359fae34168868bde36ace8c48798">
      <![CDATA[org.openqa.selenium.WebDriverException: unknown error: Element <button class="btn btn-default height add-upload-btn pull-right margin-t-none" ng-click="CreateDeals(folderIDSelected)" data-original-title="" title="" tabindex="0">...</button> is not clickable at point (1209, 62). Other element would receive the click: <div class="info-window" ng-show="isUploadLoader" data-original-title="" title="" aria-hidden="false" style="">...</div>
  (Session info: chrome=74.0.3729.131)
  (Driver info: chromedriver=2.41.578737 (49da6702b16031c40d63e5618de03a32ff6c197e),platform=Windows NT 10.0.17134 x86_64) (WARNING: The server did not provide any stacktrace information)
Command duration or timeout: 0 milliseconds
Build info: version: '3.141.59', revision: 'e82be7d358', time: '2018-11-14T08:17:03'
System info: host: 'DESKTOP-4T93PS0', ip: '10.178.1.60', os.name: 'Windows 10', os.arch: 'amd64', os.version: '10.0', java.version: '1.8.0_201'
Driver info: org.openqa.selenium.chrome.ChromeDriver
Capabilities {acceptInsecureCerts: false, acceptSslCerts: false, applicationCacheEnabled: false, browserConnectionEnabled: false, browserName: chrome, chrome: {chromedriverVersion: 2.41.578737 (49da6702b16031..., userDataDir: C:\Users\dell\AppData\Local...}, cssSelectorsEnabled: true, databaseEnabled: false, goog:chromeOptions: {debuggerAddress: localhost:56790}, handlesAlerts: true, hasTouchScreen: false, javascriptEnabled: true, locationContextEnabled: true, mobileEmulationEnabled: false, nativeEvents: true, networkConnectionEnabled: false, pageLoadStrategy: normal, platform: XP, platformName: XP, rotatable: false, setWindowRect: true, takesHeapSnapshot: true, takesScreenshot: true, unexpectedAlertBehaviour: , unhandledPromptBehavior: , version: 74.0.3729.131, webStorageEnabled: true}
Session ID: e7f359fae34168868bde36ace8c48798
at org.openqa.selenium.remote.ErrorHandler.createThrowable(ErrorHandler.java:214)
at org.openqa.selenium.remote.ErrorHandler.throwIfResponseFailed(ErrorHandler.java:166)
at org.openqa.selenium.remote.http.JsonHttpResponseCodec.reconstructValue(JsonHttpResponseCodec.java:40)
at org.openqa.selenium.remote.http.AbstractHttpResponseCodec.decode(AbstractHttpResponseCodec.java:80)
at org.openqa.selenium.remote.http.AbstractHttpResponseCodec.decode(AbstractHttpResponseCodec.java:44)
at org.openqa.selenium.remote.HttpCommandExecutor.execute(HttpCommandExecutor.java:158)
at org.openqa.selenium.remote.service.DriverCommandExecutor.execute(DriverCommandExecutor.java:83)
at org.openqa.selenium.remote.RemoteWebDriver.execute(RemoteWebDriver.java:552)
at org.openqa.selenium.remote.RemoteWebElement.execute(RemoteWebElement.java:285)
at org.openqa.selenium.remote.RemoteWebElement.click(RemoteWebElement.java:84)
at org.openqa.selenium.support.pagefactory.internal.LocatingElementHandler.invoke(LocatingElementHandler.java:51)
at com.sun.proxy.$Proxy12.click(Unknown Source)
at library.Doc_Repository_page.create_deal(Doc_Repository_page.java:99)
at automation_testscripts.Doc_Repository.create_deal(Doc_Repository.java:50)
... Removed 33 stack frames]]>
    </failure>
  </testcase> <!-- create_deal -->
  <testcase name="close_tab" time="2.449" classname="automation_testscripts.Doc_Repository"/>
</testsuite> <!-- AutoUnderwritting -->
